d:\wangchao\code\python-2.7.12\pcbuild\obj\win32_debug\_ctypes\vc120.pdb
d:\wangchao\code\python-2.7.12\pcbuild\obj\win32_debug\_ctypes\win32.obj
d:\wangchao\code\python-2.7.12\pcbuild\obj\win32_debug\_ctypes\stgdict.obj
d:\wangchao\code\python-2.7.12\pcbuild\obj\win32_debug\_ctypes\prep_cif.obj
d:\wangchao\code\python-2.7.12\pcbuild\obj\win32_debug\_ctypes\malloc_closure.obj
d:\wangchao\code\python-2.7.12\pcbuild\obj\win32_debug\_ctypes\ffi.obj
d:\wangchao\code\python-2.7.12\pcbuild\obj\win32_debug\_ctypes\cfield.obj
d:\wangchao\code\python-2.7.12\pcbuild\obj\win32_debug\_ctypes\callproc.obj
d:\wangchao\code\python-2.7.12\pcbuild\obj\win32_debug\_ctypes\callbacks.obj
d:\wangchao\code\python-2.7.12\pcbuild\obj\win32_debug\_ctypes\_ctypes.obj
d:\wangchao\code\python-2.7.12\pcbuild\_ctypes_d.ilk
d:\wangchao\code\python-2.7.12\pcbuild\_ctypes_d.pyd
d:\wangchao\code\python-2.7.12\pcbuild\_ctypes_d.pdb
d:\wangchao\code\python-2.7.12\pcbuild\_ctypes_d.lib
d:\wangchao\code\python-2.7.12\pcbuild\_ctypes_d.exp
d:\wangchao\code\python-2.7.12\pcbuild\obj\win32_debug\_ctypes\_ctypes.vcxprojresolveassemblyreference.cache
d:\wangchao\code\python-2.7.12\pcbuild\obj\win32_debug\_ctypes\_ctypes.tlog\cl.command.1.tlog
d:\wangchao\code\python-2.7.12\pcbuild\obj\win32_debug\_ctypes\_ctypes.tlog\cl.read.1.tlog
d:\wangchao\code\python-2.7.12\pcbuild\obj\win32_debug\_ctypes\_ctypes.tlog\cl.write.1.tlog
d:\wangchao\code\python-2.7.12\pcbuild\obj\win32_debug\_ctypes\_ctypes.tlog\link.command.1.tlog
d:\wangchao\code\python-2.7.12\pcbuild\obj\win32_debug\_ctypes\_ctypes.tlog\link.read.1.tlog
d:\wangchao\code\python-2.7.12\pcbuild\obj\win32_debug\_ctypes\_ctypes.tlog\link.write.1.tlog
d:\wangchao\code\python-2.7.12\pcbuild\obj\win32_debug\_ctypes\_ctypes.tlog\_ctypes.write.1u.tlog
