d:\wangchao\code\python-2.7.12\pcbuild\obj\win32_debug\pythoncore\vc120.pdb
d:\wangchao\code\python-2.7.12\pcbuild\obj\win32_debug\pythoncore\cpickle.obj
d:\wangchao\code\python-2.7.12\pcbuild\obj\win32_debug\pythoncore\cmathmodule.obj
d:\wangchao\code\python-2.7.12\pcbuild\obj\win32_debug\pythoncore\binascii.obj
d:\wangchao\code\python-2.7.12\pcbuild\obj\win32_debug\pythoncore\audioop.obj
d:\wangchao\code\python-2.7.12\pcbuild\obj\win32_debug\pythoncore\arraymodule.obj
d:\wangchao\code\python-2.7.12\pcbuild\obj\win32_debug\pythoncore\_weakref.obj
d:\wangchao\code\python-2.7.12\pcbuild\obj\win32_debug\pythoncore\_struct.obj
d:\wangchao\code\python-2.7.12\pcbuild\obj\win32_debug\pythoncore\_sre.obj
d:\wangchao\code\python-2.7.12\pcbuild\obj\win32_debug\pythoncore\_randommodule.obj
d:\wangchao\code\python-2.7.12\pcbuild\obj\win32_debug\pythoncore\_math.obj
d:\wangchao\code\python-2.7.12\pcbuild\obj\win32_debug\pythoncore\_lsprof.obj
d:\wangchao\code\python-2.7.12\pcbuild\obj\win32_debug\pythoncore\_localemodule.obj
d:\wangchao\code\python-2.7.12\pcbuild\obj\win32_debug\pythoncore\_json.obj
d:\wangchao\code\python-2.7.12\pcbuild\obj\win32_debug\pythoncore\_hotshot.obj
d:\wangchao\code\python-2.7.12\pcbuild\obj\win32_debug\pythoncore\_heapqmodule.obj
d:\wangchao\code\python-2.7.12\pcbuild\obj\win32_debug\pythoncore\_functoolsmodule.obj
d:\wangchao\code\python-2.7.12\pcbuild\obj\win32_debug\pythoncore\_csv.obj
d:\wangchao\code\python-2.7.12\pcbuild\obj\win32_debug\pythoncore\_collectionsmodule.obj
d:\wangchao\code\python-2.7.12\pcbuild\obj\win32_debug\pythoncore\_codecsmodule.obj
d:\wangchao\code\python-2.7.12\pcbuild\obj\win32_debug\pythoncore\_bisectmodule.obj
d:\wangchao\code\python-2.7.12\pcbuild\obj\win32_debug\pythoncore\signalmodule.obj
d:\wangchao\code\python-2.7.12\pcbuild\obj\win32_debug\pythoncore\shamodule.obj
d:\wangchao\code\python-2.7.12\pcbuild\obj\win32_debug\pythoncore\sha512module.obj
d:\wangchao\code\python-2.7.12\pcbuild\obj\win32_debug\pythoncore\sha256module.obj
d:\wangchao\code\python-2.7.12\pcbuild\obj\win32_debug\pythoncore\rotatingtree.obj
d:\wangchao\code\python-2.7.12\pcbuild\obj\win32_debug\pythoncore\posixmodule.obj
d:\wangchao\code\python-2.7.12\pcbuild\obj\win32_debug\pythoncore\parsermodule.obj
d:\wangchao\code\python-2.7.12\pcbuild\obj\win32_debug\pythoncore\operator.obj
d:\wangchao\code\python-2.7.12\pcbuild\obj\win32_debug\pythoncore\mmapmodule.obj
d:\wangchao\code\python-2.7.12\pcbuild\obj\win32_debug\pythoncore\md5module.obj
d:\wangchao\code\python-2.7.12\pcbuild\obj\win32_debug\pythoncore\md5.obj
d:\wangchao\code\python-2.7.12\pcbuild\obj\win32_debug\pythoncore\mathmodule.obj
d:\wangchao\code\python-2.7.12\pcbuild\obj\win32_debug\pythoncore\main.obj
d:\wangchao\code\python-2.7.12\pcbuild\obj\win32_debug\pythoncore\itertoolsmodule.obj
d:\wangchao\code\python-2.7.12\pcbuild\obj\win32_debug\pythoncore\imageop.obj
d:\wangchao\code\python-2.7.12\pcbuild\obj\win32_debug\pythoncore\gcmodule.obj
d:\wangchao\code\python-2.7.12\pcbuild\obj\win32_debug\pythoncore\future_builtins.obj
d:\wangchao\code\python-2.7.12\pcbuild\obj\win32_debug\pythoncore\errnomodule.obj
d:\wangchao\code\python-2.7.12\pcbuild\obj\win32_debug\pythoncore\datetimemodule.obj
d:\wangchao\code\python-2.7.12\pcbuild\obj\win32_debug\pythoncore\cstringio.obj
d:\wangchao\code\python-2.7.12\pcbuild\obj\win32_debug\pythoncore\trees.obj
d:\wangchao\code\python-2.7.12\pcbuild\obj\win32_debug\pythoncore\inftrees.obj
d:\wangchao\code\python-2.7.12\pcbuild\obj\win32_debug\pythoncore\inflate.obj
d:\wangchao\code\python-2.7.12\pcbuild\obj\win32_debug\pythoncore\inffast.obj
d:\wangchao\code\python-2.7.12\pcbuild\obj\win32_debug\pythoncore\infback.obj
d:\wangchao\code\python-2.7.12\pcbuild\obj\win32_debug\pythoncore\gzwrite.obj
d:\wangchao\code\python-2.7.12\pcbuild\obj\win32_debug\pythoncore\gzread.obj
d:\wangchao\code\python-2.7.12\pcbuild\obj\win32_debug\pythoncore\gzlib.obj
d:\wangchao\code\python-2.7.12\pcbuild\obj\win32_debug\pythoncore\gzclose.obj
d:\wangchao\code\python-2.7.12\pcbuild\obj\win32_debug\pythoncore\deflate.obj
d:\wangchao\code\python-2.7.12\pcbuild\obj\win32_debug\pythoncore\crc32.obj
d:\wangchao\code\python-2.7.12\pcbuild\obj\win32_debug\pythoncore\compress.obj
d:\wangchao\code\python-2.7.12\pcbuild\obj\win32_debug\pythoncore\adler32.obj
d:\wangchao\code\python-2.7.12\pcbuild\obj\win32_debug\pythoncore\zlibmodule.obj
d:\wangchao\code\python-2.7.12\pcbuild\obj\win32_debug\pythoncore\zipimport.obj
d:\wangchao\code\python-2.7.12\pcbuild\obj\win32_debug\pythoncore\xxsubtype.obj
d:\wangchao\code\python-2.7.12\pcbuild\obj\win32_debug\pythoncore\timemodule.obj
d:\wangchao\code\python-2.7.12\pcbuild\obj\win32_debug\pythoncore\threadmodule.obj
d:\wangchao\code\python-2.7.12\pcbuild\obj\win32_debug\pythoncore\symtablemodule.obj
d:\wangchao\code\python-2.7.12\pcbuild\obj\win32_debug\pythoncore\stropmodule.obj
d:\wangchao\code\python-2.7.12\pcbuild\obj\win32_debug\pythoncore\bytes_methods.obj
d:\wangchao\code\python-2.7.12\pcbuild\obj\win32_debug\pythoncore\bufferobject.obj
d:\wangchao\code\python-2.7.12\pcbuild\obj\win32_debug\pythoncore\boolobject.obj
d:\wangchao\code\python-2.7.12\pcbuild\obj\win32_debug\pythoncore\abstract.obj
d:\wangchao\code\python-2.7.12\pcbuild\obj\win32_debug\pythoncore\textio.obj
d:\wangchao\code\python-2.7.12\pcbuild\obj\win32_debug\pythoncore\stringio.obj
d:\wangchao\code\python-2.7.12\pcbuild\obj\win32_debug\pythoncore\iobase.obj
d:\wangchao\code\python-2.7.12\pcbuild\obj\win32_debug\pythoncore\fileio.obj
d:\wangchao\code\python-2.7.12\pcbuild\obj\win32_debug\pythoncore\bytesio.obj
d:\wangchao\code\python-2.7.12\pcbuild\obj\win32_debug\pythoncore\bufferedio.obj
d:\wangchao\code\python-2.7.12\pcbuild\obj\win32_debug\pythoncore\_iomodule.obj
d:\wangchao\code\python-2.7.12\pcbuild\obj\win32_debug\pythoncore\multibytecodec.obj
d:\wangchao\code\python-2.7.12\pcbuild\obj\win32_debug\pythoncore\_codecs_tw.obj
d:\wangchao\code\python-2.7.12\pcbuild\obj\win32_debug\pythoncore\_codecs_kr.obj
d:\wangchao\code\python-2.7.12\pcbuild\obj\win32_debug\pythoncore\_codecs_jp.obj
d:\wangchao\code\python-2.7.12\pcbuild\obj\win32_debug\pythoncore\_codecs_iso2022.obj
d:\wangchao\code\python-2.7.12\pcbuild\obj\win32_debug\pythoncore\_codecs_hk.obj
d:\wangchao\code\python-2.7.12\pcbuild\obj\win32_debug\pythoncore\_codecs_cn.obj
d:\wangchao\code\python-2.7.12\pcbuild\obj\win32_debug\pythoncore\zutil.obj
d:\wangchao\code\python-2.7.12\pcbuild\obj\win32_debug\pythoncore\uncompr.obj
d:\wangchao\code\python-2.7.12\pcbuild\obj\win32_debug\pythoncore\longobject.obj
d:\wangchao\code\python-2.7.12\pcbuild\obj\win32_debug\pythoncore\listobject.obj
d:\wangchao\code\python-2.7.12\pcbuild\obj\win32_debug\pythoncore\iterobject.obj
d:\wangchao\code\python-2.7.12\pcbuild\obj\win32_debug\pythoncore\intobject.obj
d:\wangchao\code\python-2.7.12\pcbuild\obj\win32_debug\pythoncore\genobject.obj
d:\wangchao\code\python-2.7.12\pcbuild\obj\win32_debug\pythoncore\funcobject.obj
d:\wangchao\code\python-2.7.12\pcbuild\obj\win32_debug\pythoncore\frameobject.obj
d:\wangchao\code\python-2.7.12\pcbuild\obj\win32_debug\pythoncore\floatobject.obj
d:\wangchao\code\python-2.7.12\pcbuild\obj\win32_debug\pythoncore\fileobject.obj
d:\wangchao\code\python-2.7.12\pcbuild\obj\win32_debug\pythoncore\exceptions.obj
d:\wangchao\code\python-2.7.12\pcbuild\obj\win32_debug\pythoncore\enumobject.obj
d:\wangchao\code\python-2.7.12\pcbuild\obj\win32_debug\pythoncore\dictobject.obj
d:\wangchao\code\python-2.7.12\pcbuild\obj\win32_debug\pythoncore\descrobject.obj
d:\wangchao\code\python-2.7.12\pcbuild\obj\win32_debug\pythoncore\complexobject.obj
d:\wangchao\code\python-2.7.12\pcbuild\obj\win32_debug\pythoncore\codeobject.obj
d:\wangchao\code\python-2.7.12\pcbuild\obj\win32_debug\pythoncore\cobject.obj
d:\wangchao\code\python-2.7.12\pcbuild\obj\win32_debug\pythoncore\classobject.obj
d:\wangchao\code\python-2.7.12\pcbuild\obj\win32_debug\pythoncore\cellobject.obj
d:\wangchao\code\python-2.7.12\pcbuild\obj\win32_debug\pythoncore\capsule.obj
d:\wangchao\code\python-2.7.12\pcbuild\obj\win32_debug\pythoncore\bytearrayobject.obj
d:\wangchao\code\python-2.7.12\pcbuild\obj\win32_debug\pythoncore\grammar1.obj
d:\wangchao\code\python-2.7.12\pcbuild\obj\win32_debug\pythoncore\grammar.obj
d:\wangchao\code\python-2.7.12\pcbuild\obj\win32_debug\pythoncore\firstsets.obj
d:\wangchao\code\python-2.7.12\pcbuild\obj\win32_debug\pythoncore\bitset.obj
d:\wangchao\code\python-2.7.12\pcbuild\obj\win32_debug\pythoncore\acceler.obj
d:\wangchao\code\python-2.7.12\pcbuild\obj\win32_debug\pythoncore\weakrefobject.obj
d:\wangchao\code\python-2.7.12\pcbuild\obj\win32_debug\pythoncore\unicodeobject.obj
d:\wangchao\code\python-2.7.12\pcbuild\obj\win32_debug\pythoncore\unicodectype.obj
d:\wangchao\code\python-2.7.12\pcbuild\obj\win32_debug\pythoncore\typeobject.obj
d:\wangchao\code\python-2.7.12\pcbuild\obj\win32_debug\pythoncore\tupleobject.obj
d:\wangchao\code\python-2.7.12\pcbuild\obj\win32_debug\pythoncore\structseq.obj
d:\wangchao\code\python-2.7.12\pcbuild\obj\win32_debug\pythoncore\stringobject.obj
d:\wangchao\code\python-2.7.12\pcbuild\obj\win32_debug\pythoncore\sliceobject.obj
d:\wangchao\code\python-2.7.12\pcbuild\obj\win32_debug\pythoncore\setobject.obj
d:\wangchao\code\python-2.7.12\pcbuild\obj\win32_debug\pythoncore\rangeobject.obj
d:\wangchao\code\python-2.7.12\pcbuild\obj\win32_debug\pythoncore\obmalloc.obj
d:\wangchao\code\python-2.7.12\pcbuild\obj\win32_debug\pythoncore\object.obj
d:\wangchao\code\python-2.7.12\pcbuild\obj\win32_debug\pythoncore\moduleobject.obj
d:\wangchao\code\python-2.7.12\pcbuild\obj\win32_debug\pythoncore\methodobject.obj
d:\wangchao\code\python-2.7.12\pcbuild\obj\win32_debug\pythoncore\memoryobject.obj
d:\wangchao\code\python-2.7.12\pcbuild\obj\win32_debug\pythoncore\codecs.obj
d:\wangchao\code\python-2.7.12\pcbuild\obj\win32_debug\pythoncore\ceval.obj
d:\wangchao\code\python-2.7.12\pcbuild\obj\win32_debug\pythoncore\bltinmodule.obj
d:\wangchao\code\python-2.7.12\pcbuild\obj\win32_debug\pythoncore\ast.obj
d:\wangchao\code\python-2.7.12\pcbuild\obj\win32_debug\pythoncore\asdl.obj
d:\wangchao\code\python-2.7.12\pcbuild\obj\win32_debug\pythoncore\_warnings.obj
d:\wangchao\code\python-2.7.12\pcbuild\obj\win32_debug\pythoncore\msvcrtmodule.obj
d:\wangchao\code\python-2.7.12\pcbuild\obj\win32_debug\pythoncore\import_nt.obj
d:\wangchao\code\python-2.7.12\pcbuild\obj\win32_debug\pythoncore\getpathp.obj
d:\wangchao\code\python-2.7.12\pcbuild\obj\win32_debug\pythoncore\dl_nt.obj
d:\wangchao\code\python-2.7.12\pcbuild\obj\win32_debug\pythoncore\config.obj
d:\wangchao\code\python-2.7.12\pcbuild\obj\win32_debug\pythoncore\_winreg.obj
d:\wangchao\code\python-2.7.12\pcbuild\obj\win32_debug\pythoncore\_subprocess.obj
d:\wangchao\code\python-2.7.12\pcbuild\obj\win32_debug\pythoncore\tokenizer.obj
d:\wangchao\code\python-2.7.12\pcbuild\obj\win32_debug\pythoncore\parsetok.obj
d:\wangchao\code\python-2.7.12\pcbuild\obj\win32_debug\pythoncore\parser.obj
d:\wangchao\code\python-2.7.12\pcbuild\obj\win32_debug\pythoncore\node.obj
d:\wangchao\code\python-2.7.12\pcbuild\obj\win32_debug\pythoncore\myreadline.obj
d:\wangchao\code\python-2.7.12\pcbuild\obj\win32_debug\pythoncore\metagrammar.obj
d:\wangchao\code\python-2.7.12\pcbuild\obj\win32_debug\pythoncore\listnode.obj
d:\wangchao\code\python-2.7.12\pcbuild\obj\win32_debug\pythoncore\mysnprintf.obj
d:\wangchao\code\python-2.7.12\pcbuild\obj\win32_debug\pythoncore\modsupport.obj
d:\wangchao\code\python-2.7.12\pcbuild\obj\win32_debug\pythoncore\marshal.obj
d:\wangchao\code\python-2.7.12\pcbuild\obj\win32_debug\pythoncore\importdl.obj
d:\wangchao\code\python-2.7.12\pcbuild\obj\win32_debug\pythoncore\import.obj
d:\wangchao\code\python-2.7.12\pcbuild\obj\win32_debug\pythoncore\graminit.obj
d:\wangchao\code\python-2.7.12\pcbuild\obj\win32_debug\pythoncore\getversion.obj
d:\wangchao\code\python-2.7.12\pcbuild\obj\win32_debug\pythoncore\getplatform.obj
d:\wangchao\code\python-2.7.12\pcbuild\obj\win32_debug\pythoncore\getopt.obj
d:\wangchao\code\python-2.7.12\pcbuild\obj\win32_debug\pythoncore\getcopyright.obj
d:\wangchao\code\python-2.7.12\pcbuild\obj\win32_debug\pythoncore\getcompiler.obj
d:\wangchao\code\python-2.7.12\pcbuild\obj\win32_debug\pythoncore\getargs.obj
d:\wangchao\code\python-2.7.12\pcbuild\obj\win32_debug\pythoncore\future.obj
d:\wangchao\code\python-2.7.12\pcbuild\obj\win32_debug\pythoncore\frozen.obj
d:\wangchao\code\python-2.7.12\pcbuild\obj\win32_debug\pythoncore\formatter_unicode.obj
d:\wangchao\code\python-2.7.12\pcbuild\obj\win32_debug\pythoncore\formatter_string.obj
d:\wangchao\code\python-2.7.12\pcbuild\obj\win32_debug\pythoncore\errors.obj
d:\wangchao\code\python-2.7.12\pcbuild\obj\win32_debug\pythoncore\dynload_win.obj
d:\wangchao\code\python-2.7.12\pcbuild\obj\win32_debug\pythoncore\dtoa.obj
d:\wangchao\code\python-2.7.12\pcbuild\obj\win32_debug\pythoncore\compile.obj
d:\wangchao\code\python-2.7.12\pcbuild\obj\win32_debug\pythoncore\traceback.obj
d:\wangchao\code\python-2.7.12\pcbuild\obj\win32_debug\pythoncore\thread.obj
d:\wangchao\code\python-2.7.12\pcbuild\obj\win32_debug\pythoncore\sysmodule.obj
d:\wangchao\code\python-2.7.12\pcbuild\obj\win32_debug\pythoncore\symtable.obj
d:\wangchao\code\python-2.7.12\pcbuild\obj\win32_debug\pythoncore\structmember.obj
d:\wangchao\code\python-2.7.12\pcbuild\obj\win32_debug\pythoncore\random.obj
d:\wangchao\code\python-2.7.12\pcbuild\obj\win32_debug\pythoncore\pythonrun.obj
d:\wangchao\code\python-2.7.12\pcbuild\obj\win32_debug\pythoncore\python-ast.obj
d:\wangchao\code\python-2.7.12\pcbuild\obj\win32_debug\pythoncore\pystrtod.obj
d:\wangchao\code\python-2.7.12\pcbuild\obj\win32_debug\pythoncore\pystrcmp.obj
d:\wangchao\code\python-2.7.12\pcbuild\obj\win32_debug\pythoncore\pystate.obj
d:\wangchao\code\python-2.7.12\pcbuild\obj\win32_debug\pythoncore\pymath.obj
d:\wangchao\code\python-2.7.12\pcbuild\obj\win32_debug\pythoncore\pyfpe.obj
d:\wangchao\code\python-2.7.12\pcbuild\obj\win32_debug\pythoncore\pyctype.obj
d:\wangchao\code\python-2.7.12\pcbuild\obj\win32_debug\pythoncore\pyarena.obj
d:\wangchao\code\python-2.7.12\pcbuild\obj\win32_debug\pythoncore\peephole.obj
d:\wangchao\code\python-2.7.12\pcbuild\obj\win32_debug\pythoncore\mystrtoul.obj
d:\wangchao\code\python-2.7.12\pcbuild\obj\win32_debug\pythoncore\getbuildinfo.obj
d:\wangchao\code\python-2.7.12\pcbuild\python27_d.ilk
d:\wangchao\code\python-2.7.12\pcbuild\python27_d.dll
d:\wangchao\code\python-2.7.12\pcbuild\python27_d.pdb
d:\wangchao\code\python-2.7.12\pcbuild\python27_d.lib
d:\wangchao\code\python-2.7.12\pcbuild\python27_d.exp
d:\wangchao\code\python-2.7.12\pcbuild\obj\win32_debug\pythoncore\python_nt.res
d:\wangchao\code\python-2.7.12\pcbuild\obj\win32_debug\pythoncore\pythoncore.tlog\cl.command.1.tlog
d:\wangchao\code\python-2.7.12\pcbuild\obj\win32_debug\pythoncore\pythoncore.tlog\cl.read.1.tlog
d:\wangchao\code\python-2.7.12\pcbuild\obj\win32_debug\pythoncore\pythoncore.tlog\cl.write.1.tlog
d:\wangchao\code\python-2.7.12\pcbuild\obj\win32_debug\pythoncore\pythoncore.tlog\link.command.1.tlog
d:\wangchao\code\python-2.7.12\pcbuild\obj\win32_debug\pythoncore\pythoncore.tlog\link.read.1.tlog
d:\wangchao\code\python-2.7.12\pcbuild\obj\win32_debug\pythoncore\pythoncore.tlog\link.write.1.tlog
d:\wangchao\code\python-2.7.12\pcbuild\obj\win32_debug\pythoncore\pythoncore.tlog\pythoncore.write.1u.tlog
d:\wangchao\code\python-2.7.12\pcbuild\obj\win32_debug\pythoncore\pythoncore.tlog\rc.command.1.tlog
d:\wangchao\code\python-2.7.12\pcbuild\obj\win32_debug\pythoncore\pythoncore.tlog\rc.read.1.tlog
d:\wangchao\code\python-2.7.12\pcbuild\obj\win32_debug\pythoncore\pythoncore.tlog\rc.write.1.tlog
